Copyright 1986-2018 Xilinx, Inc. All Rights Reserved.
--------------------------------------------------------------------------------------------------------------------------------------------
| Tool Version : Vivado v.2018.3 (lin64) Build 2405991 Thu Dec  6 23:36:41 MST 2018
| Date         : Fri Jul 22 14:02:11 2022
| Host         : eceTesla1 running 64-bit Ubuntu 20.04.4 LTS
| Command      : report_methodology -file mm_methodology_drc_routed.rpt -pb mm_methodology_drc_routed.pb -rpx mm_methodology_drc_routed.rpx
| Design       : mm
| Device       : xc7z020clg400-1
| Speed File   : -1
| Design State : Fully Routed
--------------------------------------------------------------------------------------------------------------------------------------------

Report Methodology

Table of Contents
-----------------
1. REPORT SUMMARY
2. REPORT DETAILS

1. REPORT SUMMARY
-----------------
            Netlist: netlist
          Floorplan: design_1
      Design limits: <entire design considered>
             Max violations: <unlimited>
             Violations found: 74
+-----------+----------+------------------------------------------------+------------+
| Rule      | Severity | Description                                    | Violations |
+-----------+----------+------------------------------------------------+------------+
| TIMING-6  | Warning  | No common primary clock between related clocks | 2          |
| TIMING-7  | Warning  | No common node between related clocks          | 2          |
| TIMING-18 | Warning  | Missing input or output delay                  | 70         |
+-----------+----------+------------------------------------------------+------------+

2. REPORT DETAILS
-----------------
TIMING-6#1 Warning
No common primary clock between related clocks  
The clocks mm_clk and mm_fclk are related (timed together) but they have no common primary clock. The design could fail in hardware. To find a timing path between these clocks, run the following command: report_timing -from [get_clocks mm_clk] -to [get_clocks mm_fclk]
Related violations: <none>

TIMING-6#2 Warning
No common primary clock between related clocks  
The clocks mm_fclk and mm_clk are related (timed together) but they have no common primary clock. The design could fail in hardware. To find a timing path between these clocks, run the following command: report_timing -from [get_clocks mm_fclk] -to [get_clocks mm_clk]
Related violations: <none>

TIMING-7#1 Warning
No common node between related clocks  
The clocks mm_clk and mm_fclk are related (timed together) but they have no common node. The design could fail in hardware. To find a timing path between these clocks, run the following command: report_timing -from [get_clocks mm_clk] -to [get_clocks mm_fclk]
Related violations: <none>

TIMING-7#2 Warning
No common node between related clocks  
The clocks mm_fclk and mm_clk are related (timed together) but they have no common node. The design could fail in hardware. To find a timing path between these clocks, run the following command: report_timing -from [get_clocks mm_fclk] -to [get_clocks mm_clk]
Related violations: <none>

TIMING-18#1 Warning
Missing input or output delay  
An input delay is missing on m_axis_mm2s_tready relative to clock(s) mm_clk
Related violations: <none>

TIMING-18#2 Warning
Missing input or output delay  
An input delay is missing on mm_rst_n relative to clock(s) mm_clk, mm_fclk
Related violations: <none>

TIMING-18#3 Warning
Missing input or output delay  
An input delay is missing on s_axis_s2mm_tdata[0] relative to clock(s) mm_clk
Related violations: <none>

TIMING-18#4 Warning
Missing input or output delay  
An input delay is missing on s_axis_s2mm_tdata[10] relative to clock(s) mm_clk
Related violations: <none>

TIMING-18#5 Warning
Missing input or output delay  
An input delay is missing on s_axis_s2mm_tdata[11] relative to clock(s) mm_clk
Related violations: <none>

TIMING-18#6 Warning
Missing input or output delay  
An input delay is missing on s_axis_s2mm_tdata[12] relative to clock(s) mm_clk
Related violations: <none>

TIMING-18#7 Warning
Missing input or output delay  
An input delay is missing on s_axis_s2mm_tdata[13] relative to clock(s) mm_clk
Related violations: <none>

TIMING-18#8 Warning
Missing input or output delay  
An input delay is missing on s_axis_s2mm_tdata[14] relative to clock(s) mm_clk
Related violations: <none>

TIMING-18#9 Warning
Missing input or output delay  
An input delay is missing on s_axis_s2mm_tdata[15] relative to clock(s) mm_clk
Related violations: <none>

TIMING-18#10 Warning
Missing input or output delay  
An input delay is missing on s_axis_s2mm_tdata[16] relative to clock(s) mm_clk
Related violations: <none>

TIMING-18#11 Warning
Missing input or output delay  
An input delay is missing on s_axis_s2mm_tdata[17] relative to clock(s) mm_clk
Related violations: <none>

TIMING-18#12 Warning
Missing input or output delay  
An input delay is missing on s_axis_s2mm_tdata[18] relative to clock(s) mm_clk
Related violations: <none>

TIMING-18#13 Warning
Missing input or output delay  
An input delay is missing on s_axis_s2mm_tdata[19] relative to clock(s) mm_clk
Related violations: <none>

TIMING-18#14 Warning
Missing input or output delay  
An input delay is missing on s_axis_s2mm_tdata[1] relative to clock(s) mm_clk
Related violations: <none>

TIMING-18#15 Warning
Missing input or output delay  
An input delay is missing on s_axis_s2mm_tdata[20] relative to clock(s) mm_clk
Related violations: <none>

TIMING-18#16 Warning
Missing input or output delay  
An input delay is missing on s_axis_s2mm_tdata[21] relative to clock(s) mm_clk
Related violations: <none>

TIMING-18#17 Warning
Missing input or output delay  
An input delay is missing on s_axis_s2mm_tdata[22] relative to clock(s) mm_clk
Related violations: <none>

TIMING-18#18 Warning
Missing input or output delay  
An input delay is missing on s_axis_s2mm_tdata[23] relative to clock(s) mm_clk
Related violations: <none>

TIMING-18#19 Warning
Missing input or output delay  
An input delay is missing on s_axis_s2mm_tdata[24] relative to clock(s) mm_clk
Related violations: <none>

TIMING-18#20 Warning
Missing input or output delay  
An input delay is missing on s_axis_s2mm_tdata[25] relative to clock(s) mm_clk
Related violations: <none>

TIMING-18#21 Warning
Missing input or output delay  
An input delay is missing on s_axis_s2mm_tdata[26] relative to clock(s) mm_clk
Related violations: <none>

TIMING-18#22 Warning
Missing input or output delay  
An input delay is missing on s_axis_s2mm_tdata[27] relative to clock(s) mm_clk
Related violations: <none>

TIMING-18#23 Warning
Missing input or output delay  
An input delay is missing on s_axis_s2mm_tdata[28] relative to clock(s) mm_clk
Related violations: <none>

TIMING-18#24 Warning
Missing input or output delay  
An input delay is missing on s_axis_s2mm_tdata[29] relative to clock(s) mm_clk
Related violations: <none>

TIMING-18#25 Warning
Missing input or output delay  
An input delay is missing on s_axis_s2mm_tdata[2] relative to clock(s) mm_clk
Related violations: <none>

TIMING-18#26 Warning
Missing input or output delay  
An input delay is missing on s_axis_s2mm_tdata[30] relative to clock(s) mm_clk
Related violations: <none>

TIMING-18#27 Warning
Missing input or output delay  
An input delay is missing on s_axis_s2mm_tdata[31] relative to clock(s) mm_clk
Related violations: <none>

TIMING-18#28 Warning
Missing input or output delay  
An input delay is missing on s_axis_s2mm_tdata[3] relative to clock(s) mm_clk
Related violations: <none>

TIMING-18#29 Warning
Missing input or output delay  
An input delay is missing on s_axis_s2mm_tdata[4] relative to clock(s) mm_clk
Related violations: <none>

TIMING-18#30 Warning
Missing input or output delay  
An input delay is missing on s_axis_s2mm_tdata[5] relative to clock(s) mm_clk
Related violations: <none>

TIMING-18#31 Warning
Missing input or output delay  
An input delay is missing on s_axis_s2mm_tdata[6] relative to clock(s) mm_clk
Related violations: <none>

TIMING-18#32 Warning
Missing input or output delay  
An input delay is missing on s_axis_s2mm_tdata[7] relative to clock(s) mm_clk
Related violations: <none>

TIMING-18#33 Warning
Missing input or output delay  
An input delay is missing on s_axis_s2mm_tdata[8] relative to clock(s) mm_clk
Related violations: <none>

TIMING-18#34 Warning
Missing input or output delay  
An input delay is missing on s_axis_s2mm_tdata[9] relative to clock(s) mm_clk
Related violations: <none>

TIMING-18#35 Warning
Missing input or output delay  
An input delay is missing on s_axis_s2mm_tvalid relative to clock(s) mm_clk
Related violations: <none>

TIMING-18#36 Warning
Missing input or output delay  
An output delay is missing on m_axis_mm2s_tdata[0] relative to clock(s) mm_clk
Related violations: <none>

TIMING-18#37 Warning
Missing input or output delay  
An output delay is missing on m_axis_mm2s_tdata[10] relative to clock(s) mm_clk
Related violations: <none>

TIMING-18#38 Warning
Missing input or output delay  
An output delay is missing on m_axis_mm2s_tdata[11] relative to clock(s) mm_clk
Related violations: <none>

TIMING-18#39 Warning
Missing input or output delay  
An output delay is missing on m_axis_mm2s_tdata[12] relative to clock(s) mm_clk
Related violations: <none>

TIMING-18#40 Warning
Missing input or output delay  
An output delay is missing on m_axis_mm2s_tdata[13] relative to clock(s) mm_clk
Related violations: <none>

TIMING-18#41 Warning
Missing input or output delay  
An output delay is missing on m_axis_mm2s_tdata[14] relative to clock(s) mm_clk
Related violations: <none>

TIMING-18#42 Warning
Missing input or output delay  
An output delay is missing on m_axis_mm2s_tdata[15] relative to clock(s) mm_clk
Related violations: <none>

TIMING-18#43 Warning
Missing input or output delay  
An output delay is missing on m_axis_mm2s_tdata[16] relative to clock(s) mm_clk
Related violations: <none>

TIMING-18#44 Warning
Missing input or output delay  
An output delay is missing on m_axis_mm2s_tdata[17] relative to clock(s) mm_clk
Related violations: <none>

TIMING-18#45 Warning
Missing input or output delay  
An output delay is missing on m_axis_mm2s_tdata[18] relative to clock(s) mm_clk
Related violations: <none>

TIMING-18#46 Warning
Missing input or output delay  
An output delay is missing on m_axis_mm2s_tdata[19] relative to clock(s) mm_clk
Related violations: <none>

TIMING-18#47 Warning
Missing input or output delay  
An output delay is missing on m_axis_mm2s_tdata[1] relative to clock(s) mm_clk
Related violations: <none>

TIMING-18#48 Warning
Missing input or output delay  
An output delay is missing on m_axis_mm2s_tdata[20] relative to clock(s) mm_clk
Related violations: <none>

TIMING-18#49 Warning
Missing input or output delay  
An output delay is missing on m_axis_mm2s_tdata[21] relative to clock(s) mm_clk
Related violations: <none>

TIMING-18#50 Warning
Missing input or output delay  
An output delay is missing on m_axis_mm2s_tdata[22] relative to clock(s) mm_clk
Related violations: <none>

TIMING-18#51 Warning
Missing input or output delay  
An output delay is missing on m_axis_mm2s_tdata[23] relative to clock(s) mm_clk
Related violations: <none>

TIMING-18#52 Warning
Missing input or output delay  
An output delay is missing on m_axis_mm2s_tdata[24] relative to clock(s) mm_clk
Related violations: <none>

TIMING-18#53 Warning
Missing input or output delay  
An output delay is missing on m_axis_mm2s_tdata[25] relative to clock(s) mm_clk
Related violations: <none>

TIMING-18#54 Warning
Missing input or output delay  
An output delay is missing on m_axis_mm2s_tdata[26] relative to clock(s) mm_clk
Related violations: <none>

TIMING-18#55 Warning
Missing input or output delay  
An output delay is missing on m_axis_mm2s_tdata[27] relative to clock(s) mm_clk
Related violations: <none>

TIMING-18#56 Warning
Missing input or output delay  
An output delay is missing on m_axis_mm2s_tdata[28] relative to clock(s) mm_clk
Related violations: <none>

TIMING-18#57 Warning
Missing input or output delay  
An output delay is missing on m_axis_mm2s_tdata[29] relative to clock(s) mm_clk
Related violations: <none>

TIMING-18#58 Warning
Missing input or output delay  
An output delay is missing on m_axis_mm2s_tdata[2] relative to clock(s) mm_clk
Related violations: <none>

TIMING-18#59 Warning
Missing input or output delay  
An output delay is missing on m_axis_mm2s_tdata[30] relative to clock(s) mm_clk
Related violations: <none>

TIMING-18#60 Warning
Missing input or output delay  
An output delay is missing on m_axis_mm2s_tdata[31] relative to clock(s) mm_clk
Related violations: <none>

TIMING-18#61 Warning
Missing input or output delay  
An output delay is missing on m_axis_mm2s_tdata[3] relative to clock(s) mm_clk
Related violations: <none>

TIMING-18#62 Warning
Missing input or output delay  
An output delay is missing on m_axis_mm2s_tdata[4] relative to clock(s) mm_clk
Related violations: <none>

TIMING-18#63 Warning
Missing input or output delay  
An output delay is missing on m_axis_mm2s_tdata[5] relative to clock(s) mm_clk
Related violations: <none>

TIMING-18#64 Warning
Missing input or output delay  
An output delay is missing on m_axis_mm2s_tdata[6] relative to clock(s) mm_clk
Related violations: <none>

TIMING-18#65 Warning
Missing input or output delay  
An output delay is missing on m_axis_mm2s_tdata[7] relative to clock(s) mm_clk
Related violations: <none>

TIMING-18#66 Warning
Missing input or output delay  
An output delay is missing on m_axis_mm2s_tdata[8] relative to clock(s) mm_clk
Related violations: <none>

TIMING-18#67 Warning
Missing input or output delay  
An output delay is missing on m_axis_mm2s_tdata[9] relative to clock(s) mm_clk
Related violations: <none>

TIMING-18#68 Warning
Missing input or output delay  
An output delay is missing on m_axis_mm2s_tlast relative to clock(s) mm_clk
Related violations: <none>

TIMING-18#69 Warning
Missing input or output delay  
An output delay is missing on m_axis_mm2s_tvalid relative to clock(s) mm_clk
Related violations: <none>

TIMING-18#70 Warning
Missing input or output delay  
An output delay is missing on s_axis_s2mm_tready relative to clock(s) mm_fclk
Related violations: <none>


